Started GET "/" for 127.0.0.1 at 2019-10-17 20:52:38 +0300
  
ActiveRecord::PendingMigrationError (

Migrations are pending. To resolve this issue, run:

        bin/rails db:migrate RAILS_ENV=development

):
  
activerecord (5.2.3) lib/active_record/migration.rb:579:in `check_pending!'
activerecord (5.2.3) lib/active_record/migration.rb:556:in `call'
actionpack (5.2.3) lib/action_dispatch/middleware/callbacks.rb:28:in `block in call'
activesupport (5.2.3) lib/active_support/callbacks.rb:98:in `run_callbacks'
actionpack (5.2.3) lib/action_dispatch/middleware/callbacks.rb:26:in `call'
actionpack (5.2.3) lib/action_dispatch/middleware/executor.rb:14:in `call'
actionpack (5.2.3) lib/action_dispatch/middleware/debug_exceptions.rb:61:in `call'
web-console (3.7.0) lib/web_console/middleware.rb:135:in `call_app'
web-console (3.7.0) lib/web_console/middleware.rb:30:in `block in call'
web-console (3.7.0) lib/web_console/middleware.rb:20:in `catch'
web-console (3.7.0) lib/web_console/middleware.rb:20:in `call'
actionpack (5.2.3) lib/action_dispatch/middleware/show_exceptions.rb:33:in `call'
railties (5.2.3) lib/rails/rack/logger.rb:38:in `call_app'
railties (5.2.3) lib/rails/rack/logger.rb:26:in `block in call'
activesupport (5.2.3) lib/active_support/tagged_logging.rb:71:in `block in tagged'
activesupport (5.2.3) lib/active_support/tagged_logging.rb:28:in `tagged'
activesupport (5.2.3) lib/active_support/tagged_logging.rb:71:in `tagged'
railties (5.2.3) lib/rails/rack/logger.rb:26:in `call'
sprockets-rails (3.2.1) lib/sprockets/rails/quiet_assets.rb:13:in `call'
actionpack (5.2.3) lib/action_dispatch/middleware/remote_ip.rb:81:in `call'
actionpack (5.2.3) lib/action_dispatch/middleware/request_id.rb:27:in `call'
rack (2.0.7) lib/rack/method_override.rb:22:in `call'
rack (2.0.7) lib/rack/runtime.rb:22:in `call'
activesupport (5.2.3) lib/active_support/cache/strategy/local_cache_middleware.rb:29:in `call'
actionpack (5.2.3) lib/action_dispatch/middleware/executor.rb:14:in `call'
actionpack (5.2.3) lib/action_dispatch/middleware/static.rb:127:in `call'
rack (2.0.7) lib/rack/sendfile.rb:111:in `call'
railties (5.2.3) lib/rails/engine.rb:524:in `call'
puma (3.12.1) lib/puma/configuration.rb:227:in `call'
puma (3.12.1) lib/puma/server.rb:660:in `handle_request'
puma (3.12.1) lib/puma/server.rb:474:in `process_client'
puma (3.12.1) lib/puma/server.rb:334:in `block in run'
puma (3.12.1) lib/puma/thread_pool.rb:135:in `block in spawn_thread'
Started GET "/" for 127.0.0.1 at 2019-10-17 20:53:41 +0300
  
ActiveRecord::PendingMigrationError (

Migrations are pending. To resolve this issue, run:

        bin/rails db:migrate RAILS_ENV=development

):
  
activerecord (5.2.3) lib/active_record/migration.rb:579:in `check_pending!'
activerecord (5.2.3) lib/active_record/migration.rb:556:in `call'
actionpack (5.2.3) lib/action_dispatch/middleware/callbacks.rb:28:in `block in call'
activesupport (5.2.3) lib/active_support/callbacks.rb:98:in `run_callbacks'
actionpack (5.2.3) lib/action_dispatch/middleware/callbacks.rb:26:in `call'
actionpack (5.2.3) lib/action_dispatch/middleware/executor.rb:14:in `call'
actionpack (5.2.3) lib/action_dispatch/middleware/debug_exceptions.rb:61:in `call'
web-console (3.7.0) lib/web_console/middleware.rb:135:in `call_app'
web-console (3.7.0) lib/web_console/middleware.rb:30:in `block in call'
web-console (3.7.0) lib/web_console/middleware.rb:20:in `catch'
web-console (3.7.0) lib/web_console/middleware.rb:20:in `call'
actionpack (5.2.3) lib/action_dispatch/middleware/show_exceptions.rb:33:in `call'
railties (5.2.3) lib/rails/rack/logger.rb:38:in `call_app'
railties (5.2.3) lib/rails/rack/logger.rb:26:in `block in call'
activesupport (5.2.3) lib/active_support/tagged_logging.rb:71:in `block in tagged'
activesupport (5.2.3) lib/active_support/tagged_logging.rb:28:in `tagged'
activesupport (5.2.3) lib/active_support/tagged_logging.rb:71:in `tagged'
railties (5.2.3) lib/rails/rack/logger.rb:26:in `call'
sprockets-rails (3.2.1) lib/sprockets/rails/quiet_assets.rb:13:in `call'
actionpack (5.2.3) lib/action_dispatch/middleware/remote_ip.rb:81:in `call'
actionpack (5.2.3) lib/action_dispatch/middleware/request_id.rb:27:in `call'
rack (2.0.7) lib/rack/method_override.rb:22:in `call'
rack (2.0.7) lib/rack/runtime.rb:22:in `call'
activesupport (5.2.3) lib/active_support/cache/strategy/local_cache_middleware.rb:29:in `call'
actionpack (5.2.3) lib/action_dispatch/middleware/executor.rb:14:in `call'
actionpack (5.2.3) lib/action_dispatch/middleware/static.rb:127:in `call'
rack (2.0.7) lib/rack/sendfile.rb:111:in `call'
railties (5.2.3) lib/rails/engine.rb:524:in `call'
puma (3.12.1) lib/puma/configuration.rb:227:in `call'
puma (3.12.1) lib/puma/server.rb:660:in `handle_request'
puma (3.12.1) lib/puma/server.rb:474:in `process_client'
puma (3.12.1) lib/puma/server.rb:334:in `block in run'
puma (3.12.1) lib/puma/thread_pool.rb:135:in `block in spawn_thread'
  [1m[35m (0.1ms)[0m  [1m[34mSELECT sqlite_version(*)[0m
  ↳ /home/sinkline/.rvm/rubies/ruby-2.6.2/lib/ruby/gems/2.6.0/gems/rake-12.3.2/lib/rake/task.rb:273
  [1m[35m (126.3ms)[0m  [1m[35mCREATE TABLE "schema_migrations" ("version" varchar NOT NULL PRIMARY KEY)[0m
  ↳ /home/sinkline/.rvm/rubies/ruby-2.6.2/lib/ruby/gems/2.6.0/gems/rake-12.3.2/lib/rake/task.rb:273
  [1m[35m (105.4ms)[0m  [1m[35mCREATE TABLE "ar_internal_metadata" ("key" varchar NOT NULL PRIMARY KEY, "value" varchar, "created_at" datetime NOT NULL, "updated_at" datetime NOT NULL)[0m
  ↳ /home/sinkline/.rvm/rubies/ruby-2.6.2/lib/ruby/gems/2.6.0/gems/rake-12.3.2/lib/rake/task.rb:273
  [1m[35m (0.2ms)[0m  [1m[34mSELECT "schema_migrations"."version" FROM "schema_migrations" ORDER BY "schema_migrations"."version" ASC[0m
  ↳ /home/sinkline/.rvm/rubies/ruby-2.6.2/lib/ruby/gems/2.6.0/gems/rake-12.3.2/lib/rake/task.rb:273
Migrating to DeviseCreateUsers (20190404100700)
  [1m[35m (0.1ms)[0m  [1m[36mbegin transaction[0m
  ↳ /home/sinkline/.rvm/rubies/ruby-2.6.2/lib/ruby/gems/2.6.0/gems/rake-12.3.2/lib/rake/task.rb:273
  [1m[35m (0.5ms)[0m  [1m[35mCREATE TABLE "users" ("id" integer PRIMARY KEY AUTOINCREMENT NOT NULL, "email" varchar DEFAULT '' NOT NULL, "encrypted_password" varchar DEFAULT '' NOT NULL, "reset_password_token" varchar, "reset_password_sent_at" datetime, "remember_created_at" datetime, "username" varchar NOT NULL, "created_at" datetime NOT NULL, "updated_at" datetime NOT NULL)[0m
  ↳ db/migrate/20190404100700_devise_create_users.rb:5
  [1m[35m (0.2ms)[0m  [1m[35mCREATE UNIQUE INDEX "index_users_on_email" ON "users" ("email")[0m
  ↳ db/migrate/20190404100700_devise_create_users.rb:40
  [1m[35m (0.3ms)[0m  [1m[35mCREATE UNIQUE INDEX "index_users_on_username" ON "users" ("username")[0m
  ↳ db/migrate/20190404100700_devise_create_users.rb:41
  [1m[35m (0.2ms)[0m  [1m[35mCREATE UNIQUE INDEX "index_users_on_reset_password_token" ON "users" ("reset_password_token")[0m
  ↳ db/migrate/20190404100700_devise_create_users.rb:42
  [1m[36mActiveRecord::SchemaMigration Create (0.3ms)[0m  [1m[32mINSERT INTO "schema_migrations" ("version") VALUES (?)[0m  [["version", "20190404100700"]]
  ↳ /home/sinkline/.rvm/rubies/ruby-2.6.2/lib/ruby/gems/2.6.0/gems/rake-12.3.2/lib/rake/task.rb:273
  [1m[35m (117.7ms)[0m  [1m[36mcommit transaction[0m
  ↳ /home/sinkline/.rvm/rubies/ruby-2.6.2/lib/ruby/gems/2.6.0/gems/rake-12.3.2/lib/rake/task.rb:273
Migrating to CreateRooms (20190404102130)
  [1m[35m (0.1ms)[0m  [1m[36mbegin transaction[0m
  ↳ /home/sinkline/.rvm/rubies/ruby-2.6.2/lib/ruby/gems/2.6.0/gems/rake-12.3.2/lib/rake/task.rb:273
  [1m[35m (0.3ms)[0m  [1m[35mCREATE TABLE "rooms" ("id" integer PRIMARY KEY AUTOINCREMENT NOT NULL, "name" varchar, "created_at" datetime NOT NULL, "updated_at" datetime NOT NULL)[0m
  ↳ db/migrate/20190404102130_create_rooms.rb:3
  [1m[35m (0.2ms)[0m  [1m[35mCREATE UNIQUE INDEX "index_rooms_on_name" ON "rooms" ("name")[0m
  ↳ db/migrate/20190404102130_create_rooms.rb:8
  [1m[36mActiveRecord::SchemaMigration Create (0.3ms)[0m  [1m[32mINSERT INTO "schema_migrations" ("version") VALUES (?)[0m  [["version", "20190404102130"]]
  ↳ /home/sinkline/.rvm/rubies/ruby-2.6.2/lib/ruby/gems/2.6.0/gems/rake-12.3.2/lib/rake/task.rb:273
  [1m[35m (100.5ms)[0m  [1m[36mcommit transaction[0m
  ↳ /home/sinkline/.rvm/rubies/ruby-2.6.2/lib/ruby/gems/2.6.0/gems/rake-12.3.2/lib/rake/task.rb:273
Migrating to CreateRoomMessages (20190404102347)
  [1m[35m (0.1ms)[0m  [1m[36mbegin transaction[0m
  ↳ /home/sinkline/.rvm/rubies/ruby-2.6.2/lib/ruby/gems/2.6.0/gems/rake-12.3.2/lib/rake/task.rb:273
  [1m[35m (0.4ms)[0m  [1m[35mCREATE TABLE "room_messages" ("id" integer PRIMARY KEY AUTOINCREMENT NOT NULL, "room_id" integer, "user_id" integer, "message" text, "created_at" datetime NOT NULL, "updated_at" datetime NOT NULL, CONSTRAINT "fk_rails_8ed44f6e34"
FOREIGN KEY ("room_id")
  REFERENCES "rooms" ("id")
, CONSTRAINT "fk_rails_76bc7b974e"
FOREIGN KEY ("user_id")
  REFERENCES "users" ("id")
)[0m
  ↳ db/migrate/20190404102347_create_room_messages.rb:3
  [1m[35m (0.1ms)[0m  [1m[35mCREATE  INDEX "index_room_messages_on_room_id" ON "room_messages" ("room_id")[0m
  ↳ db/migrate/20190404102347_create_room_messages.rb:3
  [1m[35m (0.1ms)[0m  [1m[35mCREATE  INDEX "index_room_messages_on_user_id" ON "room_messages" ("user_id")[0m
  ↳ db/migrate/20190404102347_create_room_messages.rb:3
  [1m[36mActiveRecord::SchemaMigration Create (0.2ms)[0m  [1m[32mINSERT INTO "schema_migrations" ("version") VALUES (?)[0m  [["version", "20190404102347"]]
  ↳ /home/sinkline/.rvm/rubies/ruby-2.6.2/lib/ruby/gems/2.6.0/gems/rake-12.3.2/lib/rake/task.rb:273
  [1m[35m (94.1ms)[0m  [1m[36mcommit transaction[0m
  ↳ /home/sinkline/.rvm/rubies/ruby-2.6.2/lib/ruby/gems/2.6.0/gems/rake-12.3.2/lib/rake/task.rb:273
  [1m[36mActiveRecord::InternalMetadata Load (0.3ms)[0m  [1m[34mSELECT  "ar_internal_metadata".* FROM "ar_internal_metadata" WHERE "ar_internal_metadata"."key" = ? LIMIT ?[0m  [["key", "environment"], ["LIMIT", 1]]
  ↳ /home/sinkline/.rvm/rubies/ruby-2.6.2/lib/ruby/gems/2.6.0/gems/rake-12.3.2/lib/rake/task.rb:273
  [1m[35m (0.1ms)[0m  [1m[36mbegin transaction[0m
  ↳ /home/sinkline/.rvm/rubies/ruby-2.6.2/lib/ruby/gems/2.6.0/gems/rake-12.3.2/lib/rake/task.rb:273
  [1m[36mActiveRecord::InternalMetadata Create (0.4ms)[0m  [1m[32mINSERT INTO "ar_internal_metadata" ("key", "value", "created_at", "updated_at") VALUES (?, ?, ?, ?)[0m  [["key", "environment"], ["value", "development"], ["created_at", "2019-10-17 17:55:24.299470"], ["updated_at", "2019-10-17 17:55:24.299470"]]
  ↳ /home/sinkline/.rvm/rubies/ruby-2.6.2/lib/ruby/gems/2.6.0/gems/rake-12.3.2/lib/rake/task.rb:273
  [1m[35m (59.6ms)[0m  [1m[36mcommit transaction[0m
  ↳ /home/sinkline/.rvm/rubies/ruby-2.6.2/lib/ruby/gems/2.6.0/gems/rake-12.3.2/lib/rake/task.rb:273
  [1m[35m (0.1ms)[0m  [1m[34mSELECT "schema_migrations"."version" FROM "schema_migrations" ORDER BY "schema_migrations"."version" ASC[0m
  ↳ /home/sinkline/.rvm/rubies/ruby-2.6.2/lib/ruby/gems/2.6.0/gems/rake-12.3.2/lib/rake/task.rb:273
Started GET "/" for 127.0.0.1 at 2019-10-17 20:55:34 +0300
  [1m[35m (0.2ms)[0m  [1m[34mSELECT "schema_migrations"."version" FROM "schema_migrations" ORDER BY "schema_migrations"."version" ASC[0m
  ↳ /home/sinkline/.rvm/gems/ruby-2.6.2/gems/activerecord-5.2.3/lib/active_record/log_subscriber.rb:98
Processing by RoomsController#index as HTML
Completed 401 Unauthorized in 14ms (ActiveRecord: 0.0ms)


Started GET "/users/sign_in" for 127.0.0.1 at 2019-10-17 20:55:34 +0300
Processing by Devise::SessionsController#new as HTML
  Rendering devise/sessions/new.html.erb within layouts/application
  Rendered devise/shared/_links.html.erb (1.8ms)
  Rendered devise/sessions/new.html.erb within layouts/application (97.5ms)
  Rendered shared/_navigation_bar.html.erb (0.6ms)
Completed 200 OK in 7024ms (Views: 7009.6ms | ActiveRecord: 1.0ms)


Started GET "/users/sign_up" for 127.0.0.1 at 2019-10-17 20:55:49 +0300
Processing by Devise::RegistrationsController#new as HTML
  Rendering devise/registrations/new.html.erb within layouts/application
  Rendered devise/shared/_links.html.erb (1.2ms)
  Rendered devise/registrations/new.html.erb within layouts/application (13.1ms)
  Rendered shared/_navigation_bar.html.erb (0.6ms)
Completed 200 OK in 90ms (Views: 89.5ms | ActiveRecord: 0.0ms)


Started POST "/users" for 127.0.0.1 at 2019-10-17 20:56:19 +0300
Processing by Devise::RegistrationsController#create as HTML
  Parameters: {"utf8"=>"✓", "authenticity_token"=>"AYlA6n4TKihMM5L0NowSnYNG2CkG48qM0LoCLWjv/yylb0v3ryAT3ixKgMIouPjIg4V31HywFtijDYiGpyYu7A==", "user"=>{"email"=>"popovartem505@gmail.com", "username"=>"Sinkiline_P", "password"=>"[FILTERED]", "password_confirmation"=>"[FILTERED]"}, "commit"=>"Sign up"}
  [1m[35m (0.1ms)[0m  [1m[36mbegin transaction[0m
  ↳ /home/sinkline/.rvm/gems/ruby-2.6.2/gems/activerecord-5.2.3/lib/active_record/log_subscriber.rb:98
  [1m[36mUser Exists (0.2ms)[0m  [1m[34mSELECT  1 AS one FROM "users" WHERE "users"."email" = ? LIMIT ?[0m  [["email", "popovartem505@gmail.com"], ["LIMIT", 1]]
  ↳ /home/sinkline/.rvm/gems/ruby-2.6.2/gems/activerecord-5.2.3/lib/active_record/log_subscriber.rb:98
  [1m[36mUser Exists (0.1ms)[0m  [1m[34mSELECT  1 AS one FROM "users" WHERE "users"."username" = ? LIMIT ?[0m  [["username", "Sinkiline_P"], ["LIMIT", 1]]
  ↳ /home/sinkline/.rvm/gems/ruby-2.6.2/gems/activerecord-5.2.3/lib/active_record/log_subscriber.rb:98
  [1m[36mUser Create (0.4ms)[0m  [1m[32mINSERT INTO "users" ("email", "encrypted_password", "username", "created_at", "updated_at") VALUES (?, ?, ?, ?, ?)[0m  [["email", "popovartem505@gmail.com"], ["encrypted_password", "$2a$11$Sk8MJSdGCvkJ3AOW7tf1bOhFDcn8CwFSuRvvrVEWr.L7es3OGIHsq"], ["username", "Sinkiline_P"], ["created_at", "2019-10-17 17:56:19.458008"], ["updated_at", "2019-10-17 17:56:19.458008"]]
  ↳ /home/sinkline/.rvm/gems/ruby-2.6.2/gems/activerecord-5.2.3/lib/active_record/log_subscriber.rb:98
  [1m[35m (62.8ms)[0m  [1m[36mcommit transaction[0m
  ↳ /home/sinkline/.rvm/gems/ruby-2.6.2/gems/activerecord-5.2.3/lib/active_record/log_subscriber.rb:98
Redirected to http://localhost:3000/
Completed 302 Found in 306ms (ActiveRecord: 63.6ms)


Started GET "/" for 127.0.0.1 at 2019-10-17 20:56:19 +0300
Processing by RoomsController#index as HTML
  [1m[36mUser Load (0.3ms)[0m  [1m[34mSELECT  "users".* FROM "users" WHERE "users"."id" = ? ORDER BY "users"."id" ASC LIMIT ?[0m  [["id", 1], ["LIMIT", 1]]
  ↳ /home/sinkline/.rvm/gems/ruby-2.6.2/gems/activerecord-5.2.3/lib/active_record/log_subscriber.rb:98
  Rendering rooms/index.html.erb within layouts/application
  [1m[36mRoom Load (0.2ms)[0m  [1m[34mSELECT "rooms".* FROM "rooms"[0m
  ↳ app/views/rooms/_rooms.html.erb:7
  Rendered rooms/_rooms.html.erb (4.3ms)
  Rendered rooms/index.html.erb within layouts/application (5.3ms)
  Rendered shared/_navigation_bar.html.erb (0.7ms)
Completed 200 OK in 103ms (Views: 87.3ms | ActiveRecord: 0.8ms)


Started GET "/rooms/new" for 127.0.0.1 at 2019-10-17 20:56:35 +0300
Processing by RoomsController#new as HTML
  [1m[36mUser Load (0.1ms)[0m  [1m[34mSELECT  "users".* FROM "users" WHERE "users"."id" = ? ORDER BY "users"."id" ASC LIMIT ?[0m  [["id", 1], ["LIMIT", 1]]
  ↳ /home/sinkline/.rvm/gems/ruby-2.6.2/gems/activerecord-5.2.3/lib/active_record/log_subscriber.rb:98
  Rendering rooms/new.html.erb within layouts/application
  Rendered rooms/_form.html.erb (5.1ms)
  Rendered rooms/new.html.erb within layouts/application (6.0ms)
  Rendered shared/_navigation_bar.html.erb (0.7ms)
Completed 200 OK in 52ms (Views: 45.8ms | ActiveRecord: 0.5ms)


Started POST "/rooms" for 127.0.0.1 at 2019-10-17 20:56:46 +0300
Processing by RoomsController#create as HTML
  Parameters: {"utf8"=>"✓", "authenticity_token"=>"1VqiPQ5KJpaI+6MG9xVUYCj5jX14+2u5Yx3kG4FyOuxxvKkg33kfYOiCsTDpIb41KDoigAKot+0Qqm6wTrvrLA==", "room"=>{"name"=>"rzhaka"}, "commit"=>"Save"}
  [1m[36mUser Load (0.1ms)[0m  [1m[34mSELECT  "users".* FROM "users" WHERE "users"."id" = ? ORDER BY "users"."id" ASC LIMIT ?[0m  [["id", 1], ["LIMIT", 1]]
  ↳ /home/sinkline/.rvm/gems/ruby-2.6.2/gems/activerecord-5.2.3/lib/active_record/log_subscriber.rb:98
  [1m[35m (0.1ms)[0m  [1m[36mbegin transaction[0m
  ↳ app/controllers/rooms_controller.rb:18
  [1m[36mRoom Create (0.4ms)[0m  [1m[32mINSERT INTO "rooms" ("name", "created_at", "updated_at") VALUES (?, ?, ?)[0m  [["name", "rzhaka"], ["created_at", "2019-10-17 17:56:46.711444"], ["updated_at", "2019-10-17 17:56:46.711444"]]
  ↳ app/controllers/rooms_controller.rb:18
  [1m[35m (110.2ms)[0m  [1m[36mcommit transaction[0m
  ↳ app/controllers/rooms_controller.rb:18
Redirected to http://localhost:3000/rooms
Completed 302 Found in 117ms (ActiveRecord: 110.8ms)


Started GET "/rooms" for 127.0.0.1 at 2019-10-17 20:56:46 +0300
Processing by RoomsController#index as HTML
  [1m[36mUser Load (0.1ms)[0m  [1m[34mSELECT  "users".* FROM "users" WHERE "users"."id" = ? ORDER BY "users"."id" ASC LIMIT ?[0m  [["id", 1], ["LIMIT", 1]]
  ↳ /home/sinkline/.rvm/gems/ruby-2.6.2/gems/activerecord-5.2.3/lib/active_record/log_subscriber.rb:98
  Rendering rooms/index.html.erb within layouts/application
  [1m[36mRoom Load (0.1ms)[0m  [1m[34mSELECT "rooms".* FROM "rooms"[0m
  ↳ app/views/rooms/_rooms.html.erb:7
  Rendered rooms/_rooms.html.erb (1.7ms)
  Rendered rooms/index.html.erb within layouts/application (2.7ms)
  Rendered shared/_navigation_bar.html.erb (0.9ms)
Completed 200 OK in 62ms (Views: 59.6ms | ActiveRecord: 0.3ms)


Started GET "/rooms/1" for 127.0.0.1 at 2019-10-17 20:56:49 +0300
Processing by RoomsController#show as HTML
  Parameters: {"id"=>"1"}
  [1m[36mUser Load (0.2ms)[0m  [1m[34mSELECT  "users".* FROM "users" WHERE "users"."id" = ? ORDER BY "users"."id" ASC LIMIT ?[0m  [["id", 1], ["LIMIT", 1]]
  ↳ /home/sinkline/.rvm/gems/ruby-2.6.2/gems/activerecord-5.2.3/lib/active_record/log_subscriber.rb:98
  [1m[36mRoom Load (0.2ms)[0m  [1m[34mSELECT  "rooms".* FROM "rooms" WHERE "rooms"."id" = ? LIMIT ?[0m  [["id", 1], ["LIMIT", 1]]
  ↳ app/controllers/rooms_controller.rb:47
  Rendering rooms/show.html.erb within layouts/application
  [1m[36mRoom Load (0.1ms)[0m  [1m[34mSELECT "rooms".* FROM "rooms"[0m
  ↳ app/views/rooms/_rooms.html.erb:7
  Rendered rooms/_rooms.html.erb (1.4ms)
  [1m[36mRoomMessage Load (0.2ms)[0m  [1m[34mSELECT "room_messages".* FROM "room_messages" WHERE "room_messages"."room_id" = ?[0m  [["room_id", 1]]
  ↳ app/views/rooms/show.html.erb:12
  Rendered rooms/show.html.erb within layouts/application (10.8ms)
  Rendered shared/_navigation_bar.html.erb (1.3ms)
Completed 200 OK in 87ms (Views: 53.3ms | ActiveRecord: 1.5ms)


Started GET "/cable" for 127.0.0.1 at 2019-10-17 20:56:49 +0300
Started GET "/cable/" [WebSocket] for 127.0.0.1 at 2019-10-17 20:56:49 +0300
Successfully upgraded to WebSocket (REQUEST_METHOD: GET, HTTP_CONNECTION: keep-alive, Upgrade, HTTP_UPGRADE: websocket)
  [1m[36mUser Load (0.3ms)[0m  [1m[34mSELECT  "users".* FROM "users" WHERE "users"."id" = ? LIMIT ?[0m  [["id", 1], ["LIMIT", 1]]
  ↳ app/channels/application_cable/connection.rb:12
Registered connection (Z2lkOi8vcmFpbHMtY2hhdC10dXRvcmlhbC9Vc2VyLzE)
Started GET "/cable" for 127.0.0.1 at 2019-10-17 20:58:20 +0300
  [1m[35m (0.2ms)[0m  [1m[34mSELECT "schema_migrations"."version" FROM "schema_migrations" ORDER BY "schema_migrations"."version" ASC[0m
  ↳ /home/sinkline/.rvm/gems/ruby-2.6.2/gems/activerecord-5.2.3/lib/active_record/log_subscriber.rb:98
Started GET "/cable/" [WebSocket] for 127.0.0.1 at 2019-10-17 20:58:20 +0300
Successfully upgraded to WebSocket (REQUEST_METHOD: GET, HTTP_CONNECTION: keep-alive, Upgrade, HTTP_UPGRADE: websocket)
  [1m[36mUser Load (0.3ms)[0m  [1m[34mSELECT  "users".* FROM "users" WHERE "users"."id" = ? LIMIT ?[0m  [["id", 1], ["LIMIT", 1]]
  ↳ app/channels/application_cable/connection.rb:12
Registered connection (Z2lkOi8vcmFpbHMtY2hhdC10dXRvcmlhbC9Vc2VyLzE)
Started GET "/" for 127.0.0.1 at 2019-10-17 22:23:41 +0300
  [1m[35m (0.3ms)[0m  [1m[34mSELECT "schema_migrations"."version" FROM "schema_migrations" ORDER BY "schema_migrations"."version" ASC[0m
  ↳ vendor/bundle/ruby/2.6.0/gems/activerecord-5.2.3/lib/active_record/log_subscriber.rb:98
Processing by RoomsController#index as HTML
  [1m[36mUser Load (0.9ms)[0m  [1m[34mSELECT  "users".* FROM "users" WHERE "users"."id" = ? ORDER BY "users"."id" ASC LIMIT ?[0m  [["id", 1], ["LIMIT", 1]]
  ↳ vendor/bundle/ruby/2.6.0/gems/activerecord-5.2.3/lib/active_record/log_subscriber.rb:98
  Rendering rooms/index.html.erb within layouts/application
  [1m[36mRoom Load (0.2ms)[0m  [1m[34mSELECT "rooms".* FROM "rooms"[0m
  ↳ app/views/rooms/_rooms.html.erb:7
  Rendered rooms/_rooms.html.erb (8.0ms)
  Rendered rooms/index.html.erb within layouts/application (10.1ms)
  Rendered shared/_navigation_bar.html.erb (0.8ms)
Completed 200 OK in 5981ms (Views: 5943.4ms | ActiveRecord: 2.4ms)


Started GET "/rooms/1" for 127.0.0.1 at 2019-10-17 22:23:54 +0300
Processing by RoomsController#show as HTML
  Parameters: {"id"=>"1"}
  [1m[36mUser Load (0.1ms)[0m  [1m[34mSELECT  "users".* FROM "users" WHERE "users"."id" = ? ORDER BY "users"."id" ASC LIMIT ?[0m  [["id", 1], ["LIMIT", 1]]
  ↳ vendor/bundle/ruby/2.6.0/gems/activerecord-5.2.3/lib/active_record/log_subscriber.rb:98
  [1m[36mRoom Load (0.2ms)[0m  [1m[34mSELECT  "rooms".* FROM "rooms" WHERE "rooms"."id" = ? LIMIT ?[0m  [["id", 1], ["LIMIT", 1]]
  ↳ app/controllers/rooms_controller.rb:47
  Rendering rooms/show.html.erb within layouts/application
  [1m[36mRoom Load (0.1ms)[0m  [1m[34mSELECT "rooms".* FROM "rooms"[0m
  ↳ app/views/rooms/_rooms.html.erb:7
  Rendered rooms/_rooms.html.erb (2.2ms)
  [1m[36mRoomMessage Load (0.2ms)[0m  [1m[34mSELECT "room_messages".* FROM "room_messages" WHERE "room_messages"."room_id" = ?[0m  [["room_id", 1]]
  ↳ app/views/rooms/show.html.erb:12
  Rendered rooms/show.html.erb within layouts/application (88.5ms)
  Rendered shared/_navigation_bar.html.erb (0.9ms)
Completed 200 OK in 346ms (Views: 225.8ms | ActiveRecord: 1.2ms)


Started GET "/cable" for 127.0.0.1 at 2019-10-17 22:23:55 +0300
Started GET "/cable/" [WebSocket] for 127.0.0.1 at 2019-10-17 22:23:55 +0300
Successfully upgraded to WebSocket (REQUEST_METHOD: GET, HTTP_CONNECTION: keep-alive, Upgrade, HTTP_UPGRADE: websocket)
  [1m[36mUser Load (0.4ms)[0m  [1m[34mSELECT  "users".* FROM "users" WHERE "users"."id" = ? LIMIT ?[0m  [["id", 1], ["LIMIT", 1]]
  ↳ app/channels/application_cable/connection.rb:12
Registered connection (Z2lkOi8vcmFpbHMtY2hhdC10dXRvcmlhbC9Vc2VyLzE)
  [1m[36mRoom Load (0.1ms)[0m  [1m[34mSELECT  "rooms".* FROM "rooms" WHERE "rooms"."id" = ? LIMIT ?[0m  [["id", 1], ["LIMIT", 1]]
  ↳ app/channels/room_channel.rb:3
